C:\USERS\DäMPADIG\DESKTOP\SHADOWMAPS\SHADOWS\BIN\X64\TEMPLATED.EXE
C:\USERS\DäMPADIG\DESKTOP\SHADOWMAPS\SHADOWS\BIN\X64\TEMPLATED.ILK
C:\USERS\DÄMPADIG\DESKTOP\SHADOWMAPS\SHADOWS\BIN\X64\TEMPLATED.PDB
C:\Users\DämpaDig\Desktop\shadowmaps\shadows\Code\../Bin/x64/TemplateD.exe
C:\Users\DämpaDig\Desktop\shadowmaps\shadows\Code\../Bin/x64/TemplateD.ilk
C:\Users\DämpaDig\Desktop\shadowmaps\shadows\Code\../Bin/x64/TemplateD.pdb
C:\Users\DämpaDig\Desktop\shadowmaps\shadows\Code\[outputdir]\Basic.fxo
C:\Users\DämpaDig\Desktop\shadowmaps\shadows\Code\[outputdir]\BasicShadows.fxo
C:\Users\DämpaDig\Desktop\shadowmaps\shadows\Code\[outputdir]\Cloud.fxo
C:\Users\DämpaDig\Desktop\shadowmaps\shadows\Code\[outputdir]\Fire.fxo
C:\Users\DämpaDig\Desktop\shadowmaps\shadows\Code\[outputdir]\Rain.fxo
C:\Users\DämpaDig\Desktop\shadowmaps\shadows\Code\[outputdir]\shadowMapping.fxo
C:\USERS\DäMPADIG\DESKTOP\SHADOWMAPS\SHADOWS\OBJ\X64\DEBUG\BASEPARTICLE.OBJ
C:\USERS\DäMPADIG\DESKTOP\SHADOWMAPS\SHADOWS\OBJ\X64\DEBUG\BUFFER.OBJ
C:\USERS\DäMPADIG\DESKTOP\SHADOWMAPS\SHADOWS\OBJ\X64\DEBUG\CAMERA.OBJ
C:\Users\DämpaDig\Desktop\shadowmaps\shadows\Obj\x64\Debug\cl.command.1.tlog
C:\Users\DämpaDig\Desktop\shadowmaps\shadows\Obj\x64\Debug\CL.read.1.tlog
C:\Users\DämpaDig\Desktop\shadowmaps\shadows\Obj\x64\Debug\CL.write.1.tlog
C:\USERS\DäMPADIG\DESKTOP\SHADOWMAPS\SHADOWS\OBJ\X64\DEBUG\CLOUD.OBJ
C:\USERS\DäMPADIG\DESKTOP\SHADOWMAPS\SHADOWS\OBJ\X64\DEBUG\D3D11HANDLER.OBJ
C:\USERS\DäMPADIG\DESKTOP\SHADOWMAPS\SHADOWS\OBJ\X64\DEBUG\D3DOBJECT.OBJ
C:\USERS\DäMPADIG\DESKTOP\SHADOWMAPS\SHADOWS\OBJ\X64\DEBUG\FIRE.OBJ
C:\USERS\DäMPADIG\DESKTOP\SHADOWMAPS\SHADOWS\OBJ\X64\DEBUG\GLOBALLIGHTS.OBJ
C:\USERS\DäMPADIG\DESKTOP\SHADOWMAPS\SHADOWS\OBJ\X64\DEBUG\INPUT.OBJ
C:\Users\DämpaDig\Desktop\shadowmaps\shadows\Obj\x64\Debug\link.4392.read.1.tlog
C:\Users\DämpaDig\Desktop\shadowmaps\shadows\Obj\x64\Debug\link.4392.read.2.tlog
C:\Users\DämpaDig\Desktop\shadowmaps\shadows\Obj\x64\Debug\link.4392.write.1.tlog
C:\Users\DämpaDig\Desktop\shadowmaps\shadows\Obj\x64\Debug\link.4392-cvtres.read.1.tlog
C:\Users\DämpaDig\Desktop\shadowmaps\shadows\Obj\x64\Debug\link.4392-cvtres.write.1.tlog
C:\Users\DämpaDig\Desktop\shadowmaps\shadows\Obj\x64\Debug\link.command.1.tlog
C:\Users\DämpaDig\Desktop\shadowmaps\shadows\Obj\x64\Debug\link.read.1.tlog
C:\Users\DämpaDig\Desktop\shadowmaps\shadows\Obj\x64\Debug\link.read.2.tlog
C:\Users\DämpaDig\Desktop\shadowmaps\shadows\Obj\x64\Debug\link.write.1.tlog
C:\Users\DämpaDig\Desktop\shadowmaps\shadows\Obj\x64\Debug\link-cvtres.read.1.tlog
C:\Users\DämpaDig\Desktop\shadowmaps\shadows\Obj\x64\Debug\link-cvtres.write.1.tlog
C:\USERS\DäMPADIG\DESKTOP\SHADOWMAPS\SHADOWS\OBJ\X64\DEBUG\MAIN.OBJ
C:\Users\DämpaDig\Desktop\shadowmaps\shadows\Obj\x64\Debug\mt.command.1.tlog
C:\Users\DämpaDig\Desktop\shadowmaps\shadows\Obj\x64\Debug\mt.read.1.tlog
C:\Users\DämpaDig\Desktop\shadowmaps\shadows\Obj\x64\Debug\mt.write.1.tlog
C:\USERS\DäMPADIG\DESKTOP\SHADOWMAPS\SHADOWS\OBJ\X64\DEBUG\OBJREADER.OBJ
C:\USERS\DäMPADIG\DESKTOP\SHADOWMAPS\SHADOWS\OBJ\X64\DEBUG\PARTICLESYSTEM.OBJ
C:\USERS\DäMPADIG\DESKTOP\SHADOWMAPS\SHADOWS\OBJ\X64\DEBUG\PROGRAM.OBJ
C:\USERS\DäMPADIG\DESKTOP\SHADOWMAPS\SHADOWS\OBJ\X64\DEBUG\RAIN.OBJ
C:\Users\DämpaDig\Desktop\shadowmaps\shadows\Obj\x64\Debug\rc.command.1.tlog
C:\Users\DämpaDig\Desktop\shadowmaps\shadows\Obj\x64\Debug\rc.read.1.tlog
C:\Users\DämpaDig\Desktop\shadowmaps\shadows\Obj\x64\Debug\rc.write.1.tlog
C:\USERS\DäMPADIG\DESKTOP\SHADOWMAPS\SHADOWS\OBJ\X64\DEBUG\SHADER.OBJ
C:\USERS\DäMPADIG\DESKTOP\SHADOWMAPS\SHADOWS\OBJ\X64\DEBUG\SHADOWMAP.OBJ
C:\Users\DämpaDig\Desktop\shadowmaps\shadows\Obj\x64\Debug\Template.write.1.tlog
C:\USERS\DäMPADIG\DESKTOP\SHADOWMAPS\SHADOWS\OBJ\X64\DEBUG\TEMPLATED.EXE.EMBED.MANIFEST
C:\USERS\DäMPADIG\DESKTOP\SHADOWMAPS\SHADOWS\OBJ\X64\DEBUG\TEMPLATED.EXE.EMBED.MANIFEST.RES
C:\USERS\DäMPADIG\DESKTOP\SHADOWMAPS\SHADOWS\OBJ\X64\DEBUG\TEMPLATED.EXE.INTERMEDIATE.MANIFEST
C:\Users\DämpaDig\Desktop\shadowmaps\shadows\Obj\x64\Debug\TemplateD_manifest.rc
C:\USERS\DäMPADIG\DESKTOP\SHADOWMAPS\SHADOWS\OBJ\X64\DEBUG\TEMPLATEMAIN.OBJ
C:\USERS\DäMPADIG\DESKTOP\SHADOWMAPS\SHADOWS\OBJ\X64\DEBUG\TERRAIN.OBJ
C:\USERS\DÄMPADIG\DESKTOP\SHADOWMAPS\SHADOWS\OBJ\X64\DEBUG\VC100.PDB
C:\USERS\DäMPADIG\DESKTOP\SHADOWMAPS\SHADOWS\OBJ\X64\DEBUG\WINHANDLER.OBJ
